<?xml version="1.0" encoding="UTF-8"?>
<!-- Generated by org.testng.reporters.JUnitXMLReporter -->
<testsuite ignored="2" hostname="DESKTOP-HTJJPCU" failures="0" tests="4" name="Default test" time="8.482" errors="0" timestamp="2024-10-15T20:08:04 IST">
  <testcase classname="api.tests.TestUser" name="testPostUser" time="3.965"/>
  <testcase classname="api.tests.TestUser" name="testGetUser" time="1.205"/>
  <testcase classname="api.tests.TestUser" name="testUpdateUser" time="1.209"/>
  <testcase classname="api.tests.TestUser" name="testGetUser2" time="1.974"/>
  <testcase classname="api.tests.TestUser" name="testDeleteUser" time="0.0">
    <ignored/>
  </testcase> <!-- testDeleteUser -->
  <testcase classname="api.tests.TestUser" name="testGetUser3" time="0.0">
    <ignored/>
  </testcase> <!-- testGetUser3 -->
</testsuite> <!-- Default test -->
