<?xml version="1.0" encoding="UTF-8"?>
<!-- Generated by org.testng.reporters.JUnitXMLReporter -->
<testsuite ignored="6" hostname="DESKTOP-HTJJPCU" failures="0" tests="1" name="Default test" time="2.781" errors="0" timestamp="2024-10-21T20:52:26 IST">
  <testcase classname="api.tests.TestUser" name="testGetUser4" time="2.679"/>
  <testcase classname="api.tests.TestUser" name="testGetUser2" time="0.0">
    <ignored/>
  </testcase> <!-- testGetUser2 -->
  <testcase classname="api.tests.TestUser" name="testGetUser3" time="0.0">
    <ignored/>
  </testcase> <!-- testGetUser3 -->
  <testcase classname="api.tests.TestUser" name="testGetUser" time="0.0">
    <ignored/>
  </testcase> <!-- testGetUser -->
  <testcase classname="api.tests.TestUser" name="testUpdateUser" time="0.0">
    <ignored/>
  </testcase> <!-- testUpdateUser -->
  <testcase classname="api.tests.TestUser" name="testDeleteUser" time="0.0">
    <ignored/>
  </testcase> <!-- testDeleteUser -->
  <testcase classname="api.tests.TestUser" name="testPostUser" time="0.0">
    <ignored/>
  </testcase> <!-- testPostUser -->
</testsuite> <!-- Default test -->
