<?xml version="1.0" encoding="UTF-8"?>
<testng-results ignored="0" total="4" passed="4" failed="0" skipped="0">
  <reporter-output>
  </reporter-output>
  <suite started-at="2024-10-15T20:07:55 IST" name="Default suite" finished-at="2024-10-15T20:08:04 IST" duration-ms="8482">
    <groups>
    </groups>
    <test started-at="2024-10-15T20:07:55 IST" name="Default test" finished-at="2024-10-15T20:08:04 IST" duration-ms="8482">
      <class name="api.tests.TestUser">
        <test-method is-config="true" signature="setData()[pri:0, instance:api.tests.TestUser@70cf32e3]" started-at="2024-10-15T20:07:55 IST" name="setData" finished-at="2024-10-15T20:07:55 IST" duration-ms="28" status="PASS">
          <reporter-output>
          </reporter-output>
        </test-method> <!-- setData -->
        <test-method signature="testPostUser(org.testng.ITestContext)[pri:1, instance:api.tests.TestUser@70cf32e3]" started-at="2024-10-15T20:07:55 IST" name="testPostUser" finished-at="2024-10-15T20:07:59 IST" duration-ms="3965" status="PASS">
          <params>
            <param index="0">
              <value>
                <![CDATA[org.testng.TestRunner@20d7d6fb]]>
              </value>
            </param>
          </params>
          <reporter-output>
          </reporter-output>
        </test-method> <!-- testPostUser -->
        <test-method signature="testGetUser()[pri:2, instance:api.tests.TestUser@70cf32e3]" started-at="2024-10-15T20:07:59 IST" name="testGetUser" finished-at="2024-10-15T20:08:01 IST" duration-ms="1205" status="PASS">
          <reporter-output>
          </reporter-output>
        </test-method> <!-- testGetUser -->
        <test-method signature="testUpdateUser()[pri:3, instance:api.tests.TestUser@70cf32e3]" started-at="2024-10-15T20:08:01 IST" name="testUpdateUser" finished-at="2024-10-15T20:08:02 IST" duration-ms="1209" status="PASS">
          <reporter-output>
          </reporter-output>
        </test-method> <!-- testUpdateUser -->
        <test-method signature="testGetUser2()[pri:4, instance:api.tests.TestUser@70cf32e3]" started-at="2024-10-15T20:08:02 IST" name="testGetUser2" finished-at="2024-10-15T20:08:04 IST" duration-ms="1974" status="PASS">
          <reporter-output>
          </reporter-output>
        </test-method> <!-- testGetUser2 -->
      </class> <!-- api.tests.TestUser -->
    </test> <!-- Default test -->
  </suite> <!-- Default suite -->
</testng-results>
